INFO:     Started server process [12986]
INFO:     Waiting for application startup.
INFO:     Application startup complete.
INFO:     Uvicorn running on http://127.0.0.1:8000 (Press CTRL+C to quit)
Starting up JPO Research Explorer...
Loading /Users/nogashlomi/projects/yossi/RDF_project copy/data/time_data.ttl...
Loading /Users/nogashlomi/projects/yossi/RDF_project copy/data/mentions-scholarly-works-to-people-and-works.ttl...
Loading /Users/nogashlomi/projects/yossi/RDF_project copy/data/place_relations.ttl...
Loading /Users/nogashlomi/projects/yossi/RDF_project copy/data/work-historical.ttl...
Loading /Users/nogashlomi/projects/yossi/RDF_project copy/data/non-wiki-persons.ttl...
Loading /Users/nogashlomi/projects/yossi/RDF_project copy/data/languages.ttl...
Loading /Users/nogashlomi/projects/yossi/RDF_project copy/data/subjects.ttl...
Loading /Users/nogashlomi/projects/yossi/RDF_project copy/data/person-historical.ttl...
Loading /Users/nogashlomi/projects/yossi/RDF_project copy/data/scholarly-work.ttl...
Loading /Users/nogashlomi/projects/yossi/RDF_project copy/data/places.ttl...
Loading /Users/nogashlomi/projects/yossi/RDF_project copy/ontology/prefixes.ttl...
Loading /Users/nogashlomi/projects/yossi/RDF_project copy/ontology/vocabulary.ttl...
Graph loaded with 8900 triples.
INFO:     127.0.0.1:49384 - "HEAD / HTTP/1.1" 405 Method Not Allowed
INFO:     127.0.0.1:49385 - "HEAD /persons HTTP/1.1" 307 Temporary Redirect
INFO:     127.0.0.1:49386 - "HEAD /api/network HTTP/1.1" 405 Method Not Allowed
